<?xml version="1.0" encoding="UTF-8"?>
<!-- Generated by org.testng.reporters.JUnitReportReporter -->
<testsuite hostname="LAPTOP-PKI9VOVU" failures="0" tests="3" name="CommonUtils.BaseClass" time="66.077" errors="0" timestamp="2024-01-25T11:22:23 IST" skipped="0">
  <testcase classname="CommonUtils.BaseClass" name="contactTest" time="27.216"/>
  <system-out/>
  <testcase classname="CommonUtils.BaseClass" name="organisationTest" time="27.469"/>
  <system-out/>
  <testcase classname="CommonUtils.BaseClass" name="LeadTest" time="11.392"/>
  <system-out/>
</testsuite> <!-- CommonUtils.BaseClass -->
